<?xml version="1.0" encoding="UTF-8"?>
<!-- Generated by org.testng.reporters.JUnitXMLReporter -->
<testsuite ignored="0" hostname="DESKTOP-R7MLAUS" failures="0" tests="3" name="Default test" time="38.559" errors="0" timestamp="2025-07-18T20:04:53 IST">
  <testcase classname="Tests.LoginPageTest" name="loginPageTitleTest" time="0.038"/>
  <testcase classname="Tests.LoginPageTest" name="loginTest" time="3.28"/>
  <testcase classname="Tests.LoginPageTest" name="neoStockImgTest" time="0.113"/>
</testsuite> <!-- Default test -->
