<?xml version="1.0" encoding="UTF-8"?>
<testng-results ignored="0" total="6" passed="6" failed="0" skipped="0">
  <reporter-output>
  </reporter-output>
  <suite started-at="2025-09-15T22:12:53 IST" name="Web Plarform For Advisor Trading automation test suite" finished-at="2025-09-15T22:14:47 IST" duration-ms="113743">
    <groups>
    </groups>
    <test started-at="2025-09-15T22:12:53 IST" name="Test" finished-at="2025-09-15T22:14:47 IST" duration-ms="113743">
      <class name="Tests.HomePageTest">
        <test-method is-config="true" signature="setUP()[pri:0, instance:Tests.HomePageTest@7803bfd]" started-at="2025-09-15T22:12:56 IST" name="setUP" finished-at="2025-09-15T22:13:08 IST" duration-ms="12630" status="PASS">
          <reporter-output>
          </reporter-output>
        </test-method> <!-- setUP -->
        <test-method signature="placeEquityOrderTest(java.lang.String,java.lang.String,java.lang.String,java.lang.String)[pri:0, instance:Tests.HomePageTest@7803bfd]" started-at="2025-09-15T22:13:08 IST" name="placeEquityOrderTest" data-provider="tradeData" finished-at="2025-09-15T22:13:14 IST" duration-ms="5053" status="PASS">
          <params>
            <param index="0">
              <value>
                <![CDATA[irfc]]>
              </value>
            </param>
            <param index="1">
              <value>
                <![CDATA[Equity]]>
              </value>
            </param>
            <param index="2">
              <value>
                <![CDATA[7.0]]>
              </value>
            </param>
            <param index="3">
              <value>
                <![CDATA[Buy]]>
              </value>
            </param>
          </params>
          <reporter-output>
          </reporter-output>
        </test-method> <!-- placeEquityOrderTest -->
        <test-method is-config="true" signature="tearDown()[pri:0, instance:Tests.HomePageTest@7803bfd]" started-at="2025-09-15T22:13:14 IST" name="tearDown" finished-at="2025-09-15T22:13:14 IST" duration-ms="533" status="PASS">
          <reporter-output>
          </reporter-output>
        </test-method> <!-- tearDown -->
        <test-method is-config="true" signature="setUP()[pri:0, instance:Tests.HomePageTest@7803bfd]" started-at="2025-09-15T22:13:14 IST" name="setUP" finished-at="2025-09-15T22:13:26 IST" duration-ms="11512" status="PASS">
          <reporter-output>
          </reporter-output>
        </test-method> <!-- setUP -->
        <test-method signature="placeEquityOrderTest(java.lang.String,java.lang.String,java.lang.String,java.lang.String)[pri:0, instance:Tests.HomePageTest@7803bfd]" started-at="2025-09-15T22:13:26 IST" name="placeEquityOrderTest" data-provider="tradeData" finished-at="2025-09-15T22:13:32 IST" duration-ms="6034" status="PASS">
          <params>
            <param index="0">
              <value>
                <![CDATA[suzlon energy]]>
              </value>
            </param>
            <param index="1">
              <value>
                <![CDATA[Equity]]>
              </value>
            </param>
            <param index="2">
              <value>
                <![CDATA[5.0]]>
              </value>
            </param>
            <param index="3">
              <value>
                <![CDATA[Buy]]>
              </value>
            </param>
          </params>
          <reporter-output>
          </reporter-output>
        </test-method> <!-- placeEquityOrderTest -->
        <test-method is-config="true" signature="tearDown()[pri:0, instance:Tests.HomePageTest@7803bfd]" started-at="2025-09-15T22:13:32 IST" name="tearDown" finished-at="2025-09-15T22:13:32 IST" duration-ms="315" status="PASS">
          <reporter-output>
          </reporter-output>
        </test-method> <!-- tearDown -->
        <test-method is-config="true" signature="setUP()[pri:0, instance:Tests.HomePageTest@7803bfd]" started-at="2025-09-15T22:13:32 IST" name="setUP" finished-at="2025-09-15T22:13:44 IST" duration-ms="11722" status="PASS">
          <reporter-output>
          </reporter-output>
        </test-method> <!-- setUP -->
        <test-method signature="placeEquityOrderTest(java.lang.String,java.lang.String,java.lang.String,java.lang.String)[pri:0, instance:Tests.HomePageTest@7803bfd]" started-at="2025-09-15T22:13:44 IST" name="placeEquityOrderTest" data-provider="tradeData" finished-at="2025-09-15T22:13:49 IST" duration-ms="5566" status="PASS">
          <params>
            <param index="0">
              <value>
                <![CDATA[idfc first bank]]>
              </value>
            </param>
            <param index="1">
              <value>
                <![CDATA[Equity]]>
              </value>
            </param>
            <param index="2">
              <value>
                <![CDATA[4.0]]>
              </value>
            </param>
            <param index="3">
              <value>
                <![CDATA[Buy]]>
              </value>
            </param>
          </params>
          <reporter-output>
          </reporter-output>
        </test-method> <!-- placeEquityOrderTest -->
        <test-method is-config="true" signature="tearDown()[pri:0, instance:Tests.HomePageTest@7803bfd]" started-at="2025-09-15T22:13:49 IST" name="tearDown" finished-at="2025-09-15T22:13:50 IST" duration-ms="389" status="PASS">
          <reporter-output>
          </reporter-output>
        </test-method> <!-- tearDown -->
        <test-method is-config="true" signature="setUP()[pri:0, instance:Tests.HomePageTest@7803bfd]" started-at="2025-09-15T22:13:50 IST" name="setUP" finished-at="2025-09-15T22:14:02 IST" duration-ms="12250" status="PASS">
          <reporter-output>
          </reporter-output>
        </test-method> <!-- setUP -->
        <test-method signature="placeEquityOrderTest(java.lang.String,java.lang.String,java.lang.String,java.lang.String)[pri:0, instance:Tests.HomePageTest@7803bfd]" started-at="2025-09-15T22:14:02 IST" name="placeEquityOrderTest" data-provider="tradeData" finished-at="2025-09-15T22:14:07 IST" duration-ms="4740" status="PASS">
          <params>
            <param index="0">
              <value>
                <![CDATA[rail vikas nigam]]>
              </value>
            </param>
            <param index="1">
              <value>
                <![CDATA[Equity]]>
              </value>
            </param>
            <param index="2">
              <value>
                <![CDATA[9.0]]>
              </value>
            </param>
            <param index="3">
              <value>
                <![CDATA[Buy]]>
              </value>
            </param>
          </params>
          <reporter-output>
          </reporter-output>
        </test-method> <!-- placeEquityOrderTest -->
        <test-method is-config="true" signature="tearDown()[pri:0, instance:Tests.HomePageTest@7803bfd]" started-at="2025-09-15T22:14:07 IST" name="tearDown" finished-at="2025-09-15T22:14:07 IST" duration-ms="320" status="PASS">
          <reporter-output>
          </reporter-output>
        </test-method> <!-- tearDown -->
        <test-method is-config="true" signature="setUP()[pri:0, instance:Tests.HomePageTest@7803bfd]" started-at="2025-09-15T22:14:07 IST" name="setUP" finished-at="2025-09-15T22:14:17 IST" duration-ms="9734" status="PASS">
          <reporter-output>
          </reporter-output>
        </test-method> <!-- setUP -->
        <test-method signature="placeEquityOrderTest(java.lang.String,java.lang.String,java.lang.String,java.lang.String)[pri:0, instance:Tests.HomePageTest@7803bfd]" started-at="2025-09-15T22:14:17 IST" name="placeEquityOrderTest" data-provider="tradeData" finished-at="2025-09-15T22:14:21 IST" duration-ms="4790" status="PASS">
          <params>
            <param index="0">
              <value>
                <![CDATA[hathway cable]]>
              </value>
            </param>
            <param index="1">
              <value>
                <![CDATA[Equity]]>
              </value>
            </param>
            <param index="2">
              <value>
                <![CDATA[45.0]]>
              </value>
            </param>
            <param index="3">
              <value>
                <![CDATA[Buy]]>
              </value>
            </param>
          </params>
          <reporter-output>
          </reporter-output>
        </test-method> <!-- placeEquityOrderTest -->
        <test-method is-config="true" signature="tearDown()[pri:0, instance:Tests.HomePageTest@7803bfd]" started-at="2025-09-15T22:14:21 IST" name="tearDown" finished-at="2025-09-15T22:14:22 IST" duration-ms="314" status="PASS">
          <reporter-output>
          </reporter-output>
        </test-method> <!-- tearDown -->
        <test-method is-config="true" signature="setUP()[pri:0, instance:Tests.HomePageTest@7803bfd]" started-at="2025-09-15T22:14:22 IST" name="setUP" finished-at="2025-09-15T22:14:34 IST" duration-ms="11708" status="PASS">
          <reporter-output>
          </reporter-output>
        </test-method> <!-- setUP -->
        <test-method signature="validateHomepageTitle()[pri:0, instance:Tests.HomePageTest@7803bfd]" started-at="2025-09-15T22:14:34 IST" name="validateHomepageTitle" finished-at="2025-09-15T22:14:47 IST" duration-ms="13088" status="PASS">
          <reporter-output>
          </reporter-output>
        </test-method> <!-- validateHomepageTitle -->
        <test-method is-config="true" signature="tearDown()[pri:0, instance:Tests.HomePageTest@7803bfd]" started-at="2025-09-15T22:14:47 IST" name="tearDown" finished-at="2025-09-15T22:14:47 IST" duration-ms="359" status="PASS">
          <reporter-output>
          </reporter-output>
        </test-method> <!-- tearDown -->
      </class> <!-- Tests.HomePageTest -->
    </test> <!-- Test -->
  </suite> <!-- Web Plarform For Advisor Trading automation test suite -->
</testng-results>
