<?xml version="1.0" encoding="UTF-8"?>
<testng-results ignored="0" total="3" passed="3" failed="0" skipped="0">
  <reporter-output>
  </reporter-output>
  <suite started-at="2025-07-18T20:43:49 IST" name="Web Plarform For Advisor Trading automation test suite" finished-at="2025-07-18T20:46:42 IST" duration-ms="173009">
    <groups>
    </groups>
    <test started-at="2025-07-18T20:43:49 IST" name="Test" finished-at="2025-07-18T20:46:42 IST" duration-ms="173009">
      <class name="Tests.LoginPageTest">
        <test-method is-config="true" signature="setup()[pri:0, instance:Tests.LoginPageTest@451001e5]" started-at="2025-07-18T20:43:49 IST" name="setup" finished-at="2025-07-18T20:44:00 IST" duration-ms="10957" status="PASS">
          <reporter-output>
          </reporter-output>
        </test-method> <!-- setup -->
        <test-method signature="loginPageTitleTest()[pri:1, instance:Tests.LoginPageTest@451001e5]" started-at="2025-07-18T20:44:00 IST" name="loginPageTitleTest" finished-at="2025-07-18T20:44:57 IST" duration-ms="56722" status="PASS">
          <reporter-output>
          </reporter-output>
        </test-method> <!-- loginPageTitleTest -->
        <test-method is-config="true" signature="teardown(org.testng.ITestResult)[pri:0, instance:Tests.LoginPageTest@451001e5]" started-at="2025-07-18T20:44:57 IST" name="teardown" finished-at="2025-07-18T20:44:58 IST" duration-ms="504" status="PASS">
          <params>
            <param index="0">
              <value>
                <![CDATA[[TestResult name=loginPageTitleTest status=SUCCESS method=LoginPageTest.loginPageTitleTest()[pri:1, instance:Tests.LoginPageTest@451001e5] output={null}]]]>
              </value>
            </param>
          </params>
          <reporter-output>
          </reporter-output>
        </test-method> <!-- teardown -->
        <test-method is-config="true" signature="setup()[pri:0, instance:Tests.LoginPageTest@451001e5]" started-at="2025-07-18T20:44:58 IST" name="setup" finished-at="2025-07-18T20:45:05 IST" duration-ms="7039" status="PASS">
          <reporter-output>
          </reporter-output>
        </test-method> <!-- setup -->
        <test-method signature="loginTest()[pri:2, instance:Tests.LoginPageTest@451001e5]" started-at="2025-07-18T20:45:05 IST" name="loginTest" finished-at="2025-07-18T20:46:33 IST" duration-ms="88455" status="PASS">
          <reporter-output>
          </reporter-output>
        </test-method> <!-- loginTest -->
        <test-method is-config="true" signature="teardown(org.testng.ITestResult)[pri:0, instance:Tests.LoginPageTest@451001e5]" started-at="2025-07-18T20:46:33 IST" name="teardown" finished-at="2025-07-18T20:46:34 IST" duration-ms="721" status="PASS">
          <params>
            <param index="0">
              <value>
                <![CDATA[[TestResult name=loginTest status=SUCCESS method=LoginPageTest.loginTest()[pri:2, instance:Tests.LoginPageTest@451001e5] output={null}]]]>
              </value>
            </param>
          </params>
          <reporter-output>
          </reporter-output>
        </test-method> <!-- teardown -->
        <test-method is-config="true" signature="setup()[pri:0, instance:Tests.LoginPageTest@451001e5]" started-at="2025-07-18T20:46:34 IST" name="setup" finished-at="2025-07-18T20:46:41 IST" duration-ms="7508" status="PASS">
          <reporter-output>
          </reporter-output>
        </test-method> <!-- setup -->
        <test-method signature="neoStockImgTest()[pri:2, instance:Tests.LoginPageTest@451001e5]" started-at="2025-07-18T20:46:41 IST" name="neoStockImgTest" finished-at="2025-07-18T20:46:42 IST" duration-ms="125" status="PASS">
          <reporter-output>
          </reporter-output>
        </test-method> <!-- neoStockImgTest -->
        <test-method is-config="true" signature="teardown(org.testng.ITestResult)[pri:0, instance:Tests.LoginPageTest@451001e5]" started-at="2025-07-18T20:46:42 IST" name="teardown" finished-at="2025-07-18T20:46:42 IST" duration-ms="421" status="PASS">
          <params>
            <param index="0">
              <value>
                <![CDATA[[TestResult name=neoStockImgTest status=SUCCESS method=LoginPageTest.neoStockImgTest()[pri:2, instance:Tests.LoginPageTest@451001e5] output={null}]]]>
              </value>
            </param>
          </params>
          <reporter-output>
          </reporter-output>
        </test-method> <!-- teardown -->
      </class> <!-- Tests.LoginPageTest -->
    </test> <!-- Test -->
  </suite> <!-- Web Plarform For Advisor Trading automation test suite -->
</testng-results>
