<?xml version="1.0" encoding="UTF-8"?>
<!-- Generated by org.testng.reporters.JUnitXMLReporter -->
<testsuite ignored="0" hostname="DESKTOP-R7MLAUS" failures="2" tests="6" name="Test" time="97.911" errors="0" timestamp="2025-06-14T19:20:46 IST">
  <testcase classname="Tests.HomePageTest" name="placeEquityOrderTest" time="3.744">
    <failure type="java.lang.NullPointerException" message="Cannot invoke &amp;quot;com.aventstack.extentreports.ExtentTest.log(com.aventstack.extentreports.Status, String)&amp;quot; because &amp;quot;Utils.ExtentReportManager.test&amp;quot; is null">
      <![CDATA[java.lang.NullPointerException: Cannot invoke "com.aventstack.extentreports.ExtentTest.log(com.aventstack.extentreports.Status, String)" because "Utils.ExtentReportManager.test" is null
at Utils.ExtentReportManager.reportLogPass(ExtentReportManager.java:62)
at Pages.HomePage.placeEquityOrder(HomePage.java:54)
at Tests.HomePageTest.placeEquityOrderTest(HomePageTest.java:50)
at java.base/java.util.concurrent.ThreadPoolExecutor.runWorker(ThreadPoolExecutor.java:1136)
at java.base/java.util.concurrent.ThreadPoolExecutor$Worker.run(ThreadPoolExecutor.java:635)
at java.base/java.lang.Thread.run(Thread.java:840)
... Removed 12 stack frames]]>
    </failure>
  </testcase> <!-- placeEquityOrderTest -->
  <testcase classname="Tests.HomePageTest" name="placeEquityOrderTest" time="5.167"/>
  <testcase classname="Tests.HomePageTest" name="placeEquityOrderTest" time="4.49"/>
  <testcase classname="Tests.HomePageTest" name="placeEquityOrderTest" time="4.481"/>
  <testcase classname="Tests.HomePageTest" name="placeEquityOrderTest" time="5.048"/>
  <testcase classname="Tests.HomePageTest" name="validateHomepageTitle" time="3.017">
    <failure type="java.lang.IllegalMonitorStateException" message="current thread is not owner">
      <![CDATA[java.lang.IllegalMonitorStateException: current thread is not owner
at java.base/java.lang.Object.wait(Native Method)
at Tests.HomePageTest.validateHomepageTitle(HomePageTest.java:42)
at java.base/java.util.concurrent.ThreadPoolExecutor.runWorker(ThreadPoolExecutor.java:1136)
at java.base/java.util.concurrent.ThreadPoolExecutor$Worker.run(ThreadPoolExecutor.java:635)
at java.base/java.lang.Thread.run(Thread.java:840)
... Removed 12 stack frames]]>
    </failure>
  </testcase> <!-- validateHomepageTitle -->
</testsuite> <!-- Test -->
