<?xml version="1.0" encoding="UTF-8"?>
<!-- Generated by org.testng.reporters.JUnitXMLReporter -->
<testsuite ignored="0" hostname="DESKTOP-R7MLAUS" failures="0" tests="3" name="Test" time="28.706" errors="0" timestamp="2025-09-14T00:28:33 IST">
  <testcase classname="Tests.LoginPageTest" name="loginPageTitleTest" time="0.373"/>
  <testcase classname="Tests.LoginPageTest" name="loginTest" time="3.309"/>
  <testcase classname="Tests.LoginPageTest" name="neoStockImgTest" time="0.065"/>
</testsuite> <!-- Test -->
